[11-Nov-2025 04:34:48 Europe/London] Auth Debug - Username: it, Divisi: IT
[11-Nov-2025 04:34:48 Europe/London] Auth Debug - Lowercase comparison - Username: it, Divisi: it
[11-Nov-2025 04:34:48 Europe/London] Auth Debug - Admin access granted
[11-Nov-2025 04:35:11 Europe/London] Auth Debug - Username: it, Divisi: IT
[11-Nov-2025 04:35:11 Europe/London] Auth Debug - Lowercase comparison - Username: it, Divisi: it
[11-Nov-2025 04:35:11 Europe/London] Auth Debug - Admin access granted
[11-Nov-2025 05:59:53 Europe/London] Query Error: SQLSTATE[42000]: Syntax error or access violation: 1064 You have an error in your SQL syntax; check the manual that corresponds to your MySQL server version for the right syntax to use near ') THEN 1
                ELSE 0
            END as is_published
        FROM ' at line 5
[11-Nov-2025 06:00:00 Europe/London] Query Error: SQLSTATE[42000]: Syntax error or access violation: 1064 You have an error in your SQL syntax; check the manual that corresponds to your MySQL server version for the right syntax to use near ') THEN 1
                ELSE 0
            END as is_published
        FROM ' at line 5
[11-Nov-2025 06:01:50 Europe/London] Query Error: SQLSTATE[42000]: Syntax error or access violation: 1064 You have an error in your SQL syntax; check the manual that corresponds to your MySQL server version for the right syntax to use near ') THEN 1
                ELSE 0
            END as is_published
        FROM ' at line 5
[11-Nov-2025 07:58:06 Europe/London] Auth Debug - Username: it, Divisi: IT
[11-Nov-2025 07:58:06 Europe/London] Auth Debug - Lowercase comparison - Username: it, Divisi: it
[11-Nov-2025 07:58:06 Europe/London] Auth Debug - Admin access granted
[11-Nov-2025 08:06:05 Europe/London] Auth Debug - Username: it, Divisi: IT
[11-Nov-2025 08:06:05 Europe/London] Auth Debug - Lowercase comparison - Username: it, Divisi: it
[11-Nov-2025 08:06:05 Europe/London] Auth Debug - Admin access granted
[12-Nov-2025 00:42:57 Europe/London] Auth Debug - Username: it, Divisi: IT
[12-Nov-2025 00:42:57 Europe/London] Auth Debug - Lowercase comparison - Username: it, Divisi: it
[12-Nov-2025 00:42:57 Europe/London] Auth Debug - Admin access granted
[12-Nov-2025 03:06:10 Europe/London] Query Update Error: SQLSTATE[42S22]: Column not found: 1054 Unknown column 'date_updated' in 'field list'
[12-Nov-2025 03:13:18 Europe/London] Query-Update Request: code=EC.25.IT.051, field=param, columnName=Param, newValue=TSTedit
[12-Nov-2025 03:13:18 Europe/London] User: it | Updated param | Code: EC.25.IT.051 | Old: 'TST' | New: 'TSTedit'
[12-Nov-2025 03:39:28 Europe/London] Auth Debug - Username: it, Divisi: IT
[12-Nov-2025 03:39:28 Europe/London] Auth Debug - Lowercase comparison - Username: it, Divisi: it
[12-Nov-2025 03:39:28 Europe/London] Auth Debug - Admin access granted
[12-Nov-2025 04:12:56 Europe/London] Auth Debug - Username: it, Divisi: IT
[12-Nov-2025 04:12:56 Europe/London] Auth Debug - Lowercase comparison - Username: it, Divisi: it
[12-Nov-2025 04:12:56 Europe/London] Auth Debug - Admin access granted
[12-Nov-2025 04:13:02 Europe/London] Auth Debug - Username: it, Divisi: IT
[12-Nov-2025 04:13:02 Europe/London] Auth Debug - Lowercase comparison - Username: it, Divisi: it
[12-Nov-2025 04:13:02 Europe/London] Auth Debug - Admin access granted
[12-Nov-2025 04:13:41 Europe/London] Auth Debug - Username: it, Divisi: IT
[12-Nov-2025 04:13:41 Europe/London] Auth Debug - Lowercase comparison - Username: it, Divisi: it
[12-Nov-2025 04:13:41 Europe/London] Auth Debug - Admin access granted
[12-Nov-2025 06:58:25 Europe/London] Query-Update Request: code=EC.25.IT.051, field=param, columnName=Param, newValue=TSTeditt
[12-Nov-2025 06:58:25 Europe/London] User: it | Updated param | Code: EC.25.IT.051 | Old: 'TSTedit' | New: 'TSTeditt'
[12-Nov-2025 07:14:27 Europe/London] Query-Update Request: code=EC.25.IT.051, field=memo, columnName=Memo, newValue=Memooo
[12-Nov-2025 07:14:27 Europe/London] User: it | Updated memo | Code: EC.25.IT.051 | Old: '' | New: 'Memooo'
[12-Nov-2025 07:14:54 Europe/London] Query-Update Request: code=EC.25.IT.051, field=param, columnName=Param, newValue=TSTedit
[12-Nov-2025 07:14:54 Europe/London] User: it | Updated param | Code: EC.25.IT.051 | Old: 'TSTeditt' | New: 'TSTedit'
[12-Nov-2025 07:39:18 Europe/London] Auth Debug - Username: it, Divisi: IT
[12-Nov-2025 07:39:18 Europe/London] Auth Debug - Lowercase comparison - Username: it, Divisi: it
[12-Nov-2025 07:39:18 Europe/London] Auth Debug - Admin access granted
[13-Nov-2025 02:34:20 Europe/London] Auth Debug - Username: it, Divisi: IT
[13-Nov-2025 02:34:20 Europe/London] Auth Debug - Lowercase comparison - Username: it, Divisi: it
[13-Nov-2025 02:34:20 Europe/London] Auth Debug - Admin access granted
[13-Nov-2025 03:04:13 Europe/London] Auth Debug - Username: it, Divisi: IT
[13-Nov-2025 03:04:13 Europe/London] Auth Debug - Lowercase comparison - Username: it, Divisi: it
[13-Nov-2025 03:04:13 Europe/London] Auth Debug - Admin access granted
[13-Nov-2025 03:04:36 Europe/London] Auth Debug - Username: it, Divisi: IT
[13-Nov-2025 03:04:36 Europe/London] Auth Debug - Lowercase comparison - Username: it, Divisi: it
[13-Nov-2025 03:04:36 Europe/London] Auth Debug - Admin access granted
[13-Nov-2025 03:04:43 Europe/London] Auth Debug - Username: it, Divisi: IT
[13-Nov-2025 03:04:43 Europe/London] Auth Debug - Lowercase comparison - Username: it, Divisi: it
[13-Nov-2025 03:04:43 Europe/London] Auth Debug - Admin access granted
[13-Nov-2025 07:43:28 Europe/London] Auth Debug - Username: it, Divisi: IT
[13-Nov-2025 07:43:28 Europe/London] Auth Debug - Lowercase comparison - Username: it, Divisi: it
[13-Nov-2025 07:43:28 Europe/London] Auth Debug - Admin access granted
[13-Nov-2025 07:57:22 Europe/London] Auth Debug - Username: it, Divisi: IT
[13-Nov-2025 07:57:22 Europe/London] Auth Debug - Lowercase comparison - Username: it, Divisi: it
[13-Nov-2025 07:57:22 Europe/London] Auth Debug - Admin access granted
[13-Nov-2025 07:57:24 Europe/London] Auth Debug - Username: it, Divisi: IT
[13-Nov-2025 07:57:24 Europe/London] Auth Debug - Lowercase comparison - Username: it, Divisi: it
[13-Nov-2025 07:57:24 Europe/London] Auth Debug - Admin access granted
[13-Nov-2025 07:57:26 Europe/London] Auth Debug - Username: it, Divisi: IT
[13-Nov-2025 07:57:26 Europe/London] Auth Debug - Lowercase comparison - Username: it, Divisi: it
[13-Nov-2025 07:57:26 Europe/London] Auth Debug - Admin access granted
[13-Nov-2025 07:57:28 Europe/London] Auth Debug - Username: it, Divisi: IT
[13-Nov-2025 07:57:28 Europe/London] Auth Debug - Lowercase comparison - Username: it, Divisi: it
[13-Nov-2025 07:57:28 Europe/London] Auth Debug - Admin access granted
[13-Nov-2025 07:57:31 Europe/London] Auth Debug - Username: it, Divisi: IT
[13-Nov-2025 07:57:31 Europe/London] Auth Debug - Lowercase comparison - Username: it, Divisi: it
[13-Nov-2025 07:57:31 Europe/London] Auth Debug - Admin access granted
[13-Nov-2025 07:57:33 Europe/London] Auth Debug - Username: it, Divisi: IT
[13-Nov-2025 07:57:33 Europe/London] Auth Debug - Lowercase comparison - Username: it, Divisi: it
[13-Nov-2025 07:57:33 Europe/London] Auth Debug - Admin access granted
[13-Nov-2025 07:57:35 Europe/London] Auth Debug - Username: it, Divisi: IT
[13-Nov-2025 07:57:35 Europe/London] Auth Debug - Lowercase comparison - Username: it, Divisi: it
[13-Nov-2025 07:57:35 Europe/London] Auth Debug - Admin access granted
[13-Nov-2025 07:57:37 Europe/London] Auth Debug - Username: it, Divisi: IT
[13-Nov-2025 07:57:37 Europe/London] Auth Debug - Lowercase comparison - Username: it, Divisi: it
[13-Nov-2025 07:57:37 Europe/London] Auth Debug - Admin access granted
[13-Nov-2025 07:57:39 Europe/London] Auth Debug - Username: it, Divisi: IT
[13-Nov-2025 07:57:39 Europe/London] Auth Debug - Lowercase comparison - Username: it, Divisi: it
[13-Nov-2025 07:57:39 Europe/London] Auth Debug - Admin access granted
[13-Nov-2025 07:57:42 Europe/London] Auth Debug - Username: it, Divisi: IT
[13-Nov-2025 07:57:42 Europe/London] Auth Debug - Lowercase comparison - Username: it, Divisi: it
[13-Nov-2025 07:57:42 Europe/London] Auth Debug - Admin access granted
[13-Nov-2025 07:57:44 Europe/London] Auth Debug - Username: it, Divisi: IT
[13-Nov-2025 07:57:44 Europe/London] Auth Debug - Lowercase comparison - Username: it, Divisi: it
[13-Nov-2025 07:57:44 Europe/London] Auth Debug - Admin access granted
[13-Nov-2025 07:57:46 Europe/London] Auth Debug - Username: it, Divisi: IT
[13-Nov-2025 07:57:46 Europe/London] Auth Debug - Lowercase comparison - Username: it, Divisi: it
[13-Nov-2025 07:57:46 Europe/London] Auth Debug - Admin access granted
[13-Nov-2025 07:57:48 Europe/London] Auth Debug - Username: it, Divisi: IT
[13-Nov-2025 07:57:48 Europe/London] Auth Debug - Lowercase comparison - Username: it, Divisi: it
[13-Nov-2025 07:57:48 Europe/London] Auth Debug - Admin access granted
[13-Nov-2025 07:57:50 Europe/London] Auth Debug - Username: it, Divisi: IT
[13-Nov-2025 07:57:50 Europe/London] Auth Debug - Lowercase comparison - Username: it, Divisi: it
[13-Nov-2025 07:57:50 Europe/London] Auth Debug - Admin access granted
[13-Nov-2025 07:57:52 Europe/London] Auth Debug - Username: it, Divisi: IT
[13-Nov-2025 07:57:52 Europe/London] Auth Debug - Lowercase comparison - Username: it, Divisi: it
[13-Nov-2025 07:57:52 Europe/London] Auth Debug - Admin access granted
